2025-08-28 10:49:11,294 - console_log - INFO - 設定ファイルを保存しました。
2025-08-28 10:55:26,317 - console_log - INFO - 設定ファイルを保存しました。
2025-08-28 10:55:47,301 - console_log - INFO - 監視を開始します: C:\decoy_software.py
2025-08-28 10:55:47,309 - console_log - INFO - 設定ファイルを保存しました。
2025-08-28 10:55:47,313 - console_log - ERROR - RealtimeDetectorクラスが利用できません。
2025-08-28 10:55:49,653 - console_log - INFO - 設定ファイルを保存しました。
2025-08-28 10:55:49,659 - console_log - INFO - テーマを light に変更しました。
2025-08-28 10:55:50,403 - console_log - INFO - 設定ファイルを保存しました。
2025-08-28 10:55:50,440 - console_log - INFO - テーマを dark に変更しました。
2025-08-28 10:58:19,570 - console_log - INFO - 監視を停止します。
2025-08-28 11:51:24,768 - console_log - INFO - 設定ファイルを保存しました。
2025-08-28 11:51:53,669 - console_log - INFO - 監視を開始します: C:\decoy_software.py
2025-08-28 11:51:53,677 - console_log - INFO - 設定ファイルを保存しました。
2025-08-28 11:53:03,086 - console_log - INFO - 監視を停止します。
2025-08-28 11:53:06,368 - console_log - INFO - 監視を停止します。
2025-08-28 11:53:12,307 - console_log - INFO - 監視を停止します。
2025-08-28 11:53:13,147 - console_log - INFO - 設定ファイルを保存しました。
2025-08-28 11:53:13,150 - console_log - INFO - テーマを light に変更しました。
2025-08-28 11:53:13,952 - console_log - INFO - 監視を停止します。
2025-08-28 11:53:18,732 - console_log - INFO - 監視を停止します。
2025-08-28 11:53:18,896 - console_log - INFO - 監視を停止します。
2025-08-28 12:01:13,382 - console_log - INFO - 設定ファイルを保存しました。
2025-08-28 12:01:15,506 - console_log - INFO - 設定ファイルを保存しました。
2025-08-28 12:01:15,508 - console_log - INFO - テーマを dark に変更しました。
2025-08-28 12:01:24,219 - console_log - INFO - 監視を開始します: C:\試製保安機構
2025-08-28 12:01:24,225 - console_log - INFO - 設定ファイルを保存しました。
2025-08-28 12:01:32,787 - console_log - INFO - 監視を停止します。
2025-08-28 12:01:35,913 - console_log - INFO - 監視を停止します。
